# JRE version: OpenJDK Runtime Environment (8.0_112-b15) (build 1.8.0_112-b15)
# Java VM: OpenJDK 64-Bit Server VM (25.112-b15 mixed mode linux-amd64 compressed oops)
Heap:
 PSYoungGen      total 154624K, used 5171K [0x00000000e1600000, 0x00000000ec000000, 0x0000000100000000)
  eden space 141312K, 0% used [0x00000000e1600000,0x00000000e1600000,0x00000000ea000000)
  from space 13312K, 38% used [0x00000000eb300000,0x00000000eb80cd68,0x00000000ec000000)
  to   space 13824K, 0% used [0x00000000ea000000,0x00000000ea000000,0x00000000ead80000)
 ParOldGen       total 62976K, used 32397K [0x00000000a4200000, 0x00000000a7f80000, 0x00000000e1600000)
  object space 62976K, 51% used [0x00000000a4200000,0x00000000a61a3630,0x00000000a7f80000)
 Metaspace       used 18743K, capacity 19242K, committed 19456K, reserved 1067008K
  class space    used 1749K, capacity 1945K, committed 2048K, reserved 1048576K
GC Heap History (10 events):
Event: 24,568 GC heap after
Heap after GC invocations=7 (full 0):
 PSYoungGen      total 54272K, used 6001K [0x00000000e1600000, 0x00000000e8200000, 0x0000000100000000)
  eden space 48128K, 0% used [0x00000000e1600000,0x00000000e1600000,0x00000000e4500000)
  from space 6144K, 97% used [0x00000000e4500000,0x00000000e4adc600,0x00000000e4b00000)
  to   space 7168K, 0% used [0x00000000e7b00000,0x00000000e7b00000,0x00000000e8200000)
 ParOldGen       total 62976K, used 5404K [0x00000000a4200000, 0x00000000a7f80000, 0x00000000e1600000)
  object space 62976K, 8% used [0x00000000a4200000,0x00000000a4747250,0x00000000a7f80000)
 Metaspace       used 13388K, capacity 13612K, committed 13824K, reserved 1060864K
  class space    used 1386K, capacity 1468K, committed 1536K, reserved 1048576K
}
Event: 25,951 GC heap before
{Heap before GC invocations=8 (full 0):
 PSYoungGen      total 54272K, used 54129K [0x00000000e1600000, 0x00000000e8200000, 0x0000000100000000)
  eden space 48128K, 100% used [0x00000000e1600000,0x00000000e4500000,0x00000000e4500000)
  from space 6144K, 97% used [0x00000000e4500000,0x00000000e4adc600,0x00000000e4b00000)
  to   space 7168K, 0% used [0x00000000e7b00000,0x00000000e7b00000,0x00000000e8200000)
 ParOldGen       total 62976K, used 5404K [0x00000000a4200000, 0x00000000a7f80000, 0x00000000e1600000)
  object space 62976K, 8% used [0x00000000a4200000,0x00000000a4747250,0x00000000a7f80000)
 Metaspace       used 14215K, capacity 14420K, committed 14592K, reserved 1062912K
  class space    used 1440K, capacity 1530K, committed 1536K, reserved 1048576K
Event: 25,965 GC heap after
Heap after GC invocations=8 (full 0):
 PSYoungGen      total 102912K, used 6927K [0x00000000e1600000, 0x00000000e8300000, 0x0000000100000000)
  eden space 95744K, 0% used [0x00000000e1600000,0x00000000e1600000,0x00000000e7380000)
  from space 7168K, 96% used [0x00000000e7b00000,0x00000000e81c3da0,0x00000000e8200000)
  to   space 7680K, 0% used [0x00000000e7380000,0x00000000e7380000,0x00000000e7b00000)
 ParOldGen       total 62976K, used 6798K [0x00000000a4200000, 0x00000000a7f80000, 0x00000000e1600000)
  object space 62976K, 10% used [0x00000000a4200000,0x00000000a48a3808,0x00000000a7f80000)
 Metaspace       used 14215K, capacity 14420K, committed 14592K, reserved 1062912K
  class space    used 1440K, capacity 1530K, committed 1536K, reserved 1048576K
}
Event: 28,111 GC heap before
{Heap before GC invocations=9 (full 0):
 PSYoungGen      total 102912K, used 102671K [0x00000000e1600000, 0x00000000e8300000, 0x0000000100000000)
  eden space 95744K, 100% used [0x00000000e1600000,0x00000000e7380000,0x00000000e7380000)
  from space 7168K, 96% used [0x00000000e7b00000,0x00000000e81c3da0,0x00000000e8200000)
  to   space 7680K, 0% used [0x00000000e7380000,0x00000000e7380000,0x00000000e7b00000)
 ParOldGen       total 62976K, used 6798K [0x00000000a4200000, 0x00000000a7f80000, 0x00000000e1600000)
  object space 62976K, 10% used [0x00000000a4200000,0x00000000a48a3808,0x00000000a7f80000)
 Metaspace       used 16314K, capacity 16756K, committed 16896K, reserved 1064960K
  class space    used 1611K, capacity 1772K, committed 1792K, reserved 1048576K
Event: 28,123 GC heap after
Heap after GC invocations=9 (full 0):
 PSYoungGen      total 103424K, used 4918K [0x00000000e1600000, 0x00000000ebb00000, 0x0000000100000000)
  eden space 95744K, 0% used [0x00000000e1600000,0x00000000e1600000,0x00000000e7380000)
  from space 7680K, 64% used [0x00000000e7380000,0x00000000e784d880,0x00000000e7b00000)
  to   space 7680K, 0% used [0x00000000eb380000,0x00000000eb380000,0x00000000ebb00000)
 ParOldGen       total 62976K, used 7510K [0x00000000a4200000, 0x00000000a7f80000, 0x00000000e1600000)
  object space 62976K, 11% used [0x00000000a4200000,0x00000000a49559c8,0x00000000a7f80000)
 Metaspace       used 16314K, capacity 16756K, committed 16896K, reserved 1064960K
  class space    used 1611K, capacity 1772K, committed 1792K, reserved 1048576K
}
Event: 54,833 GC heap before
{Heap before GC invocations=10 (full 0):
 PSYoungGen      total 103424K, used 100662K [0x00000000e1600000, 0x00000000ebb00000, 0x0000000100000000)
  eden space 95744K, 100% used [0x00000000e1600000,0x00000000e7380000,0x00000000e7380000)
  from space 7680K, 64% used [0x00000000e7380000,0x00000000e784d880,0x00000000e7b00000)
  to   space 7680K, 0% used [0x00000000eb380000,0x00000000eb380000,0x00000000ebb00000)
 ParOldGen       total 62976K, used 7510K [0x00000000a4200000, 0x00000000a7f80000, 0x00000000e1600000)
  object space 62976K, 11% used [0x00000000a4200000,0x00000000a49559c8,0x00000000a7f80000)
 Metaspace       used 18643K, capacity 19114K, committed 19456K, reserved 1067008K
  class space    used 1749K, capacity 1945K, committed 2048K, reserved 1048576K
Event: 54,878 GC heap after
Heap after GC invocations=10 (full 0):
 PSYoungGen      total 99840K, used 7663K [0x00000000e1600000, 0x00000000ebb00000, 0x0000000100000000)
  eden space 92160K, 0% used [0x00000000e1600000,0x00000000e1600000,0x00000000e7000000)
  from space 7680K, 99% used [0x00000000eb380000,0x00000000ebafbed0,0x00000000ebb00000)
  to   space 13824K, 0% used [0x00000000ea000000,0x00000000ea000000,0x00000000ead80000)
 ParOldGen       total 62976K, used 21905K [0x00000000a4200000, 0x00000000a7f80000, 0x00000000e1600000)
  object space 62976K, 34% used [0x00000000a4200000,0x00000000a5764510,0x00000000a7f80000)
 Metaspace       used 18643K, capacity 19114K, committed 19456K, reserved 1067008K
  class space    used 1749K, capacity 1945K, committed 2048K, reserved 1048576K
}
Event: 62,581 GC heap before
{Heap before GC invocations=11 (full 0):
 PSYoungGen      total 99840K, used 99823K [0x00000000e1600000, 0x00000000ebb00000, 0x0000000100000000)
  eden space 92160K, 100% used [0x00000000e1600000,0x00000000e7000000,0x00000000e7000000)
  from space 7680K, 99% used [0x00000000eb380000,0x00000000ebafbed0,0x00000000ebb00000)
  to   space 13824K, 0% used [0x00000000ea000000,0x00000000ea000000,0x00000000ead80000)
 ParOldGen       total 62976K, used 21905K [0x00000000a4200000, 0x00000000a7f80000, 0x00000000e1600000)
  object space 62976K, 34% used [0x00000000a4200000,0x00000000a5764510,0x00000000a7f80000)
 Metaspace       used 18721K, capacity 19178K, committed 19456K, reserved 1067008K
  class space    used 1749K, capacity 1945K, committed 2048K, reserved 1048576K
Event: 66,405 GC heap after
Heap after GC invocations=11 (full 0):
 PSYoungGen      total 155136K, used 3353K [0x00000000e1600000, 0x00000000ec000000, 0x0000000100000000)
  eden space 141312K, 0% used [0x00000000e1600000,0x00000000e1600000,0x00000000ea000000)
  from space 13824K, 24% used [0x00000000ea000000,0x00000000ea3467d8,0x00000000ead80000)
  to   space 13312K, 0% used [0x00000000eb300000,0x00000000eb300000,0x00000000ec000000)
 ParOldGen       total 62976K, used 29557K [0x00000000a4200000, 0x00000000a7f80000, 0x00000000e1600000)
  object space 62976K, 46% used [0x00000000a4200000,0x00000000a5edd620,0x00000000a7f80000)
 Metaspace       used 18721K, capacity 19178K, committed 19456K, reserved 1067008K
  class space    used 1749K, capacity 1945K, committed 2048K, reserved 1048576K
}
Event: 86,298 GC heap before
{Heap before GC invocations=12 (full 0):
 PSYoungGen      total 155136K, used 144665K [0x00000000e1600000, 0x00000000ec000000, 0x0000000100000000)
  eden space 141312K, 100% used [0x00000000e1600000,0x00000000ea000000,0x00000000ea000000)
  from space 13824K, 24% used [0x00000000ea000000,0x00000000ea3467d8,0x00000000ead80000)
  to   space 13312K, 0% used [0x00000000eb300000,0x00000000eb300000,0x00000000ec000000)
 ParOldGen       total 62976K, used 29557K [0x00000000a4200000, 0x00000000a7f80000, 0x00000000e1600000)
  object space 62976K, 46% used [0x00000000a4200000,0x00000000a5edd620,0x00000000a7f80000)
 Metaspace       used 18743K, capacity 19242K, committed 19456K, reserved 1067008K
  class space    used 1749K, capacity 1945K, committed 2048K, reserved 1048576K

