# JRE version: OpenJDK Runtime Environment (8.0_112-b15) (build 1.8.0_112-b15)
# Java VM: OpenJDK 64-Bit Server VM (25.112-b15 mixed mode linux-amd64 compressed oops)
Heap:
 PSYoungGen      total 205824K, used 13299K [0x00000000e1600000, 0x00000000eec00000, 0x0000000100000000)
  eden space 192512K, 0% used [0x00000000e1600000,0x00000000e1600000,0x00000000ed200000)
  from space 13312K, 99% used [0x00000000ed200000,0x00000000edefcc70,0x00000000edf00000)
  to   space 13312K, 0% used [0x00000000edf00000,0x00000000edf00000,0x00000000eec00000)
 ParOldGen       total 62976K, used 14274K [0x00000000a4200000, 0x00000000a7f80000, 0x00000000e1600000)
  object space 62976K, 22% used [0x00000000a4200000,0x00000000a4ff08d0,0x00000000a7f80000)
 Metaspace       used 16319K, capacity 16794K, committed 16896K, reserved 1064960K
  class space    used 1577K, capacity 1772K, committed 1792K, reserved 1048576K
GC Heap History (10 events):
Event: 1,828 GC heap after
Heap after GC invocations=2 (full 0):
 PSYoungGen      total 51712K, used 3453K [0x00000000e1600000, 0x00000000e4c00000, 0x0000000100000000)
  eden space 48128K, 0% used [0x00000000e1600000,0x00000000e1600000,0x00000000e4500000)
  from space 3584K, 96% used [0x00000000e4880000,0x00000000e4bdf438,0x00000000e4c00000)
  to   space 3584K, 0% used [0x00000000e4500000,0x00000000e4500000,0x00000000e4880000)
 ParOldGen       total 62976K, used 80K [0x00000000a4200000, 0x00000000a7f80000, 0x00000000e1600000)
  object space 62976K, 0% used [0x00000000a4200000,0x00000000a4214010,0x00000000a7f80000)
 Metaspace       used 9544K, capacity 9722K, committed 9856K, reserved 1058816K
  class space    used 1075K, capacity 1133K, committed 1152K, reserved 1048576K
}
Event: 2,519 GC heap before
{Heap before GC invocations=3 (full 0):
 PSYoungGen      total 51712K, used 51581K [0x00000000e1600000, 0x00000000e4c00000, 0x0000000100000000)
  eden space 48128K, 100% used [0x00000000e1600000,0x00000000e4500000,0x00000000e4500000)
  from space 3584K, 96% used [0x00000000e4880000,0x00000000e4bdf438,0x00000000e4c00000)
  to   space 3584K, 0% used [0x00000000e4500000,0x00000000e4500000,0x00000000e4880000)
 ParOldGen       total 62976K, used 80K [0x00000000a4200000, 0x00000000a7f80000, 0x00000000e1600000)
  object space 62976K, 0% used [0x00000000a4200000,0x00000000a4214010,0x00000000a7f80000)
 Metaspace       used 11764K, capacity 11964K, committed 12160K, reserved 1060864K
  class space    used 1233K, capacity 1327K, committed 1408K, reserved 1048576K
Event: 2,528 GC heap after
Heap after GC invocations=3 (full 0):
 PSYoungGen      total 51712K, used 3567K [0x00000000e1600000, 0x00000000e7b00000, 0x0000000100000000)
  eden space 48128K, 0% used [0x00000000e1600000,0x00000000e1600000,0x00000000e4500000)
  from space 3584K, 99% used [0x00000000e4500000,0x00000000e487be00,0x00000000e4880000)
  to   space 3584K, 0% used [0x00000000e7780000,0x00000000e7780000,0x00000000e7b00000)
 ParOldGen       total 62976K, used 1620K [0x00000000a4200000, 0x00000000a7f80000, 0x00000000e1600000)
  object space 62976K, 2% used [0x00000000a4200000,0x00000000a4395190,0x00000000a7f80000)
 Metaspace       used 11764K, capacity 11964K, committed 12160K, reserved 1060864K
  class space    used 1233K, capacity 1327K, committed 1408K, reserved 1048576K
}
Event: 3,092 GC heap before
{Heap before GC invocations=4 (full 0):
 PSYoungGen      total 51712K, used 51695K [0x00000000e1600000, 0x00000000e7b00000, 0x0000000100000000)
  eden space 48128K, 100% used [0x00000000e1600000,0x00000000e4500000,0x00000000e4500000)
  from space 3584K, 99% used [0x00000000e4500000,0x00000000e487be00,0x00000000e4880000)
  to   space 3584K, 0% used [0x00000000e7780000,0x00000000e7780000,0x00000000e7b00000)
 ParOldGen       total 62976K, used 1620K [0x00000000a4200000, 0x00000000a7f80000, 0x00000000e1600000)
  object space 62976K, 2% used [0x00000000a4200000,0x00000000a4395190,0x00000000a7f80000)
 Metaspace       used 13405K, capacity 13770K, committed 13952K, reserved 1060864K
  class space    used 1366K, capacity 1548K, committed 1664K, reserved 1048576K
Event: 3,100 GC heap after
Heap after GC invocations=4 (full 0):
 PSYoungGen      total 99840K, used 3579K [0x00000000e1600000, 0x00000000e7b00000, 0x0000000100000000)
  eden space 96256K, 0% used [0x00000000e1600000,0x00000000e1600000,0x00000000e7400000)
  from space 3584K, 99% used [0x00000000e7780000,0x00000000e7afec90,0x00000000e7b00000)
  to   space 3584K, 0% used [0x00000000e7400000,0x00000000e7400000,0x00000000e7780000)
 ParOldGen       total 62976K, used 1962K [0x00000000a4200000, 0x00000000a7f80000, 0x00000000e1600000)
  object space 62976K, 3% used [0x00000000a4200000,0x00000000a43eaa88,0x00000000a7f80000)
 Metaspace       used 13405K, capacity 13770K, committed 13952K, reserved 1060864K
  class space    used 1366K, capacity 1548K, committed 1664K, reserved 1048576K
}
Event: 4,901 GC heap before
{Heap before GC invocations=5 (full 0):
 PSYoungGen      total 99840K, used 99835K [0x00000000e1600000, 0x00000000e7b00000, 0x0000000100000000)
  eden space 96256K, 100% used [0x00000000e1600000,0x00000000e7400000,0x00000000e7400000)
  from space 3584K, 99% used [0x00000000e7780000,0x00000000e7afec90,0x00000000e7b00000)
  to   space 3584K, 0% used [0x00000000e7400000,0x00000000e7400000,0x00000000e7780000)
 ParOldGen       total 62976K, used 1962K [0x00000000a4200000, 0x00000000a7f80000, 0x00000000e1600000)
  object space 62976K, 3% used [0x00000000a4200000,0x00000000a43eaa88,0x00000000a7f80000)
 Metaspace       used 16202K, capacity 16730K, committed 16896K, reserved 1064960K
  class space    used 1577K, capacity 1772K, committed 1792K, reserved 1048576K
Event: 4,973 GC heap after
Heap after GC invocations=5 (full 0):
 PSYoungGen      total 99840K, used 3579K [0x00000000e1600000, 0x00000000eec00000, 0x0000000100000000)
  eden space 96256K, 0% used [0x00000000e1600000,0x00000000e1600000,0x00000000e7400000)
  from space 3584K, 99% used [0x00000000e7400000,0x00000000e777ecd0,0x00000000e7780000)
  to   space 13312K, 0% used [0x00000000edf00000,0x00000000edf00000,0x00000000eec00000)
 ParOldGen       total 62976K, used 13886K [0x00000000a4200000, 0x00000000a7f80000, 0x00000000e1600000)
  object space 62976K, 22% used [0x00000000a4200000,0x00000000a4f8f8c0,0x00000000a7f80000)
 Metaspace       used 16202K, capacity 16730K, committed 16896K, reserved 1064960K
  class space    used 1577K, capacity 1772K, committed 1792K, reserved 1048576K
}
Event: 5,785 GC heap before
{Heap before GC invocations=6 (full 0):
 PSYoungGen      total 99840K, used 99835K [0x00000000e1600000, 0x00000000eec00000, 0x0000000100000000)
  eden space 96256K, 100% used [0x00000000e1600000,0x00000000e7400000,0x00000000e7400000)
  from space 3584K, 99% used [0x00000000e7400000,0x00000000e777ecd0,0x00000000e7780000)
  to   space 13312K, 0% used [0x00000000edf00000,0x00000000edf00000,0x00000000eec00000)
 ParOldGen       total 62976K, used 13886K [0x00000000a4200000, 0x00000000a7f80000, 0x00000000e1600000)
  object space 62976K, 22% used [0x00000000a4200000,0x00000000a4f8f8c0,0x00000000a7f80000)
 Metaspace       used 16306K, capacity 16794K, committed 16896K, reserved 1064960K
  class space    used 1577K, capacity 1772K, committed 1792K, reserved 1048576K
Event: 5,808 GC heap after
Heap after GC invocations=6 (full 0):
 PSYoungGen      total 205824K, used 7301K [0x00000000e1600000, 0x00000000eec00000, 0x0000000100000000)
  eden space 192512K, 0% used [0x00000000e1600000,0x00000000e1600000,0x00000000ed200000)
  from space 13312K, 54% used [0x00000000edf00000,0x00000000ee6214b8,0x00000000eec00000)
  to   space 13312K, 0% used [0x00000000ed200000,0x00000000ed200000,0x00000000edf00000)
 ParOldGen       total 62976K, used 13894K [0x00000000a4200000, 0x00000000a7f80000, 0x00000000e1600000)
  object space 62976K, 22% used [0x00000000a4200000,0x00000000a4f918c0,0x00000000a7f80000)
 Metaspace       used 16306K, capacity 16794K, committed 16896K, reserved 1064960K
  class space    used 1577K, capacity 1772K, committed 1792K, reserved 1048576K
}
Event: 7,229 GC heap before
{Heap before GC invocations=7 (full 0):
 PSYoungGen      total 205824K, used 199813K [0x00000000e1600000, 0x00000000eec00000, 0x0000000100000000)
  eden space 192512K, 100% used [0x00000000e1600000,0x00000000ed200000,0x00000000ed200000)
  from space 13312K, 54% used [0x00000000edf00000,0x00000000ee6214b8,0x00000000eec00000)
  to   space 13312K, 0% used [0x00000000ed200000,0x00000000ed200000,0x00000000edf00000)
 ParOldGen       total 62976K, used 13894K [0x00000000a4200000, 0x00000000a7f80000, 0x00000000e1600000)
  object space 62976K, 22% used [0x00000000a4200000,0x00000000a4f918c0,0x00000000a7f80000)
 Metaspace       used 16319K, capacity 16794K, committed 16896K, reserved 1064960K
  class space    used 1577K, capacity 1772K, committed 1792K, reserved 1048576K

